Arguments: 
  C:\Program Files\nodejs\node.exe C:\Program Files (x86)\nodejs\node_modules\yarn\bin\yarn.js add tedis

PATH: 
  c:\go\bin;C:\Program Files\AdoptOpenJDK\jre-14.0.1.7-hotspot\bin;C:\Program Files (x86)\Common Files\Oracle\Java\javapath;C:\Windows\system32;C:\Windows;C:\Windows\System32\Wbem;C:\Windows\System32\WindowsPowerShell\v1.0\;C:\Windows\System32\OpenSSH\;C:\Program Files (x86)\Lua\5.1;C:\Program Files (x86)\Lua\5.1\clibs;C:\Program Files\Git\cmd;C:\Program Files\nodejs\;C:\ProgramData\chocolatey\bin;C:\Program Files (x86)\nodejs;C:\MinGW\bin;C:\Program Files\CMake\bin;C:\flutter\bin;C:\Go\bin;C:\Program Files (x86)\Calibre2\;C:\Users\marco\AppData\Local\Programs\Python\Python37\Scripts\;C:\Users\marco\AppData\Local\Programs\Python\Python37\;C:\Users\marco\AppData\Local\Microsoft\WindowsApps;C:\Users\marco\AppData\Local\Programs\Microsoft VS Code\bin;C:\Program Files\LOVE;C:\Users\marco\AppData\Local\atom\bin;C:\Program Files\Docker Toolbox;C:\Users\marco\AppData\Roaming\npm;C:\Users\marco\AppData\Local\GitHubDesktop\bin;C:\tools\dart-sdk\bin;C:\Users\marco\AppData\Roaming\Pub\Cache\bin;C:\Users\marco\go\bin;C:\Program Files\JetBrains\PyCharm Community Edition 2019.3.4\bin;;C:\tools\neovim\Neovim\bin;C:\Program Files\heroku\bin;C:\Users\marco\AppData\Local\Programs\Julia\Julia-1.4.1\bin;

Yarn version: 
  1.22.4

Node version: 
  12.14.1

Platform: 
  win32 x64

Trace: 
  SyntaxError: C:\Users\marco\Documents\Desenvolvimento\projetos\risadinha\server\package.json: Unexpected token } in JSON at position 455
      at JSON.parse (<anonymous>)
      at C:\Program Files (x86)\nodejs\node_modules\yarn\lib\cli.js:1625:59
      at Generator.next (<anonymous>)
      at step (C:\Program Files (x86)\nodejs\node_modules\yarn\lib\cli.js:310:30)
      at C:\Program Files (x86)\nodejs\node_modules\yarn\lib\cli.js:321:13

npm manifest: 
  {
    "name": "@risadinha/server",
    "version": "1.0.0",
    "main": "index.js",
    "license": "MIT",
    "scripts": {
      "tsc:watch": "tsc -w",
      "dev": "nodemon ./ts-build/src/app.js"
    },
    "dependencies": {
      "@types/cors": "^2.8.7",
      "@types/express": "^4.17.7",
      "axios": "^0.19.2",
      "cors": "^2.8.5",
      "dotenv": "^8.2.0",
      "express": "^4.17.1",
      "hbs": "^4.1.1",
      "knex": "^0.21.1",
      "mysql": "^2.18.1",
      "pg": "^8.3.0",
    },
    "devDependencies": {
      "typescript": "^3.9.7"
    }
  }

yarn manifest: 
  No manifest

Lockfile: 
  No lockfile
